{
  "RSpec": {
    "coverage": {
      "/home/bukalapak/rspec-training-ground/app/models/note.rb": [
        1,
        1,
        1,
        null,
        1,
        null,
        1,
        null,
        1,
        4,
        null,
        null,
        1,
        null,
        1,
        null,
        null,
        null,
        null,
        null,
        null,
        null,
        null,
        null
      ],
      "/home/bukalapak/rspec-training-ground/spec/models/project_spec.rb": [
        1,
        null,
        1,
        1,
        2,
        2,
        2,
        null,
        null,
        1,
        2,
        2,
        null,
        null,
        1,
        2,
        2,
        2,
        null,
        1,
        1,
        1,
        null,
        null,
        null,
        1,
        1,
        1,
        null,
        null,
        null,
        1,
        1,
        1,
        null,
        null,
        null,
        null
      ],
      "/home/bukalapak/rspec-training-ground/app/models/project.rb": [
        1,
        1,
        null,
        1,
        1,
        1,
        null,
        1,
        3,
        null,
        null
      ],
      "/home/bukalapak/rspec-training-ground/spec/models/task_spec.rb": [
        1,
        null,
        1,
        1,
        2,
        null,
        null,
        1,
        2,
        2,
        null,
        null
      ],
      "/home/bukalapak/rspec-training-ground/app/models/task.rb": [
        1,
        1,
        null,
        1,
        1,
        null
      ],
      "/home/bukalapak/rspec-training-ground/spec/models/user_spec.rb": [
        1,
        null,
        1,
        1,
        1,
        null,
        null,
        1,
        1,
        null,
        null,
        null,
        null,
        null,
        1,
        null,
        null,
        1,
        1,
        1,
        1,
        null,
        null,
        1,
        1,
        1,
        1,
        null,
        null,
        1,
        1,
        1,
        1,
        null,
        null,
        1,
        1,
        1,
        1,
        1,
        null,
        null,
        1,
        1,
        1,
        null,
        null
      ],
      "/home/bukalapak/rspec-training-ground/spec/requests/projects_api_spec.rb": [
        1,
        null,
        1,
        1,
        3,
        3,
        3,
        null,
        null,
        1,
        1,
        null,
        null,
        null,
        null,
        1,
        null,
        1,
        1,
        null,
        null,
        1,
        1,
        null,
        null,
        null,
        null,
        1,
        null,
        1,
        1,
        null,
        null,
        1,
        1,
        null,
        1,
        1,
        null,
        null,
        null,
        null,
        null,
        null,
        1,
        null,
        null
      ],
      "/home/bukalapak/rspec-training-ground/app/mailers/user_mailer.rb": [
        1,
        1,
        null,
        1,
        8,
        8,
        null,
        null
      ],
      "/home/bukalapak/rspec-training-ground/app/mailers/application_mailer.rb": [
        1,
        1,
        1,
        null
      ],
      "/home/bukalapak/rspec-training-ground/app/controllers/api/projects_controller.rb": [
        1,
        1,
        null,
        1,
        null,
        1,
        1,
        1,
        null,
        null,
        1,
        1,
        1,
        null,
        null,
        1,
        1,
        null,
        1,
        1,
        null,
        0,
        null,
        null,
        null,
        1,
        null,
        1,
        3,
        3,
        3,
        3,
        null,
        0,
        0,
        null,
        null,
        null,
        1,
        1,
        null,
        null,
        null
      ],
      "/home/bukalapak/rspec-training-ground/app/controllers/application_controller.rb": [
        1,
        null
      ]
    },
    "timestamp": 1526148361
  }
}
